build/app/intermediates/manifest_merge_blame_file/debug/manifest-merger-blame-debug-report.txt
1<?xml version="1.0" encoding="utf-8"?>
2<manifest xmlns:android="http://schemas.android.com/apk/res/android"
3    package="com.example.ocr"
4    android:versionCode="1"
5    android:versionName="1.0.0" >
6
7    <uses-sdk
8        android:minSdkVersion="21"
9        android:targetSdkVersion="28" />
10    <!--
11         The INTERNET permission is required for development. Specifically,
12         the Flutter tool needs it to communicate with the running application
13         to allow setting breakpoints, to provide hot reload, etc.
14    -->
15    <uses-permission android:name="android.permission.INTERNET" />
15-->src\debug\AndroidManifest.xml:7:5-66
15-->src\debug\AndroidManifest.xml:7:22-64
16    <uses-permission android:name="android.permission.CAMERA" />
16-->[:camera_android] AndroidManifest.xml:9:5-65
16-->[:camera_android] AndroidManifest.xml:9:22-62
17    <uses-permission android:name="android.permission.RECORD_AUDIO" /> <!-- Although the *SdkVersion is captured in gradle build files, this is required for non gradle builds -->
17-->[:camera_android] AndroidManifest.xml:10:5-71
17-->[:camera_android] AndroidManifest.xml:10:22-68
18    <!-- <uses-sdk android:minSdkVersion="14"/> -->
19    <uses-permission android:name="android.permission.ACCESS_NETWORK_STATE" />
19-->[com.google.android.datatransport:transport-backend-cct:2.3.3] AndroidManifest.xml:25:5-79
19-->[com.google.android.datatransport:transport-backend-cct:2.3.3] AndroidManifest.xml:25:22-76
20    <uses-permission android:name="android.permission.WRITE_EXTERNAL_STORAGE" />
20-->[:tesseract4android-release:] AndroidManifest.xml:11:5-81
20-->[:tesseract4android-release:] AndroidManifest.xml:11:22-78
21    <uses-permission android:name="android.permission.READ_EXTERNAL_STORAGE" />
21-->[:tesseract4android-release:] AndroidManifest.xml:12:5-80
21-->[:tesseract4android-release:] AndroidManifest.xml:12:22-77
22
23    <application
24        android:name="android.app.Application"
25        android:appComponentFactory="androidx.core.app.CoreComponentFactory"
25-->[androidx.core:core:1.8.0] AndroidManifest.xml:24:18-86
26        android:debuggable="true"
27        android:icon="@mipmap/ic_launcher"
28        android:label="ocr"
29        android:requestLegacyExternalStorage="true" >
30        <activity
31            android:name="com.example.ocr.MainActivity"
32            android:configChanges="orientation|keyboardHidden|keyboard|screenSize|smallestScreenSize|locale|layoutDirection|fontScale|screenLayout|density|uiMode"
33            android:exported="true"
34            android:hardwareAccelerated="true"
35            android:launchMode="singleTop"
36            android:theme="@style/LaunchTheme"
37            android:windowSoftInputMode="adjustResize" >
38
39            <!--
40                 Specifies an Android theme to apply to this Activity as soon as
41                 the Android process has started. This theme is visible to the user
42                 while the Flutter UI initializes. After that, this theme continues
43                 to determine the Window background behind the Flutter UI.
44            -->
45            <meta-data
46                android:name="io.flutter.embedding.android.NormalTheme"
47                android:resource="@style/NormalTheme" />
48
49            <intent-filter>
50                <action android:name="android.intent.action.MAIN" />
51
52                <category android:name="android.intent.category.LAUNCHER" />
53            </intent-filter>
54        </activity>
55        <activity
56            android:name="com.yalantis.ucrop.UCropActivity"
57            android:screenOrientation="portrait"
58            android:theme="@style/Theme.AppCompat.Light.NoActionBar" />
59        <!--
60             Don't delete the meta-data below.
61             This is used by the Flutter tool to generate GeneratedPluginRegistrant.java
62        -->
63        <meta-data
64            android:name="flutterEmbedding"
65            android:value="2" />
66
67        <provider
67-->[:image_picker_android] AndroidManifest.xml:10:9-18:20
68            android:name="io.flutter.plugins.imagepicker.ImagePickerFileProvider"
68-->[:image_picker_android] AndroidManifest.xml:11:13-82
69            android:authorities="com.example.ocr.flutter.image_provider"
69-->[:image_picker_android] AndroidManifest.xml:12:13-74
70            android:exported="false"
70-->[:image_picker_android] AndroidManifest.xml:13:13-37
71            android:grantUriPermissions="true" >
71-->[:image_picker_android] AndroidManifest.xml:14:13-47
72            <meta-data
72-->[:image_picker_android] AndroidManifest.xml:15:13-17:75
73                android:name="android.support.FILE_PROVIDER_PATHS"
73-->[:image_picker_android] AndroidManifest.xml:16:17-67
74                android:resource="@xml/flutter_image_picker_file_paths" />
74-->[:image_picker_android] AndroidManifest.xml:17:17-72
75        </provider>
76
77        <uses-library
77-->[androidx.window:window:1.0.0-beta04] AndroidManifest.xml:25:9-27:40
78            android:name="androidx.window.extensions"
78-->[androidx.window:window:1.0.0-beta04] AndroidManifest.xml:26:13-54
79            android:required="false" />
79-->[androidx.window:window:1.0.0-beta04] AndroidManifest.xml:27:13-37
80        <uses-library
80-->[androidx.window:window:1.0.0-beta04] AndroidManifest.xml:28:9-30:40
81            android:name="androidx.window.sidecar"
81-->[androidx.window:window:1.0.0-beta04] AndroidManifest.xml:29:13-51
82            android:required="false" />
82-->[androidx.window:window:1.0.0-beta04] AndroidManifest.xml:30:13-37
83
84        <service
84-->[com.google.android.gms:play-services-mlkit-text-recognition-common:17.1.0] AndroidManifest.xml:9:9-15:19
85            android:name="com.google.mlkit.common.internal.MlKitComponentDiscoveryService"
85-->[com.google.android.gms:play-services-mlkit-text-recognition-common:17.1.0] AndroidManifest.xml:10:13-91
86            android:directBootAware="true"
86-->[com.google.mlkit:common:18.5.0] AndroidManifest.xml:17:13-43
87            android:exported="false" >
87-->[com.google.android.gms:play-services-mlkit-text-recognition-common:17.1.0] AndroidManifest.xml:11:13-37
88            <meta-data
88-->[com.google.android.gms:play-services-mlkit-text-recognition-common:17.1.0] AndroidManifest.xml:12:13-14:85
89                android:name="com.google.firebase.components:com.google.mlkit.vision.text.internal.TextRegistrar"
89-->[com.google.android.gms:play-services-mlkit-text-recognition-common:17.1.0] AndroidManifest.xml:13:17-114
90                android:value="com.google.firebase.components.ComponentRegistrar" />
90-->[com.google.android.gms:play-services-mlkit-text-recognition-common:17.1.0] AndroidManifest.xml:14:17-82
91            <meta-data
91-->[com.google.mlkit:vision-common:17.2.0] AndroidManifest.xml:12:13-14:85
92                android:name="com.google.firebase.components:com.google.mlkit.vision.common.internal.VisionCommonRegistrar"
92-->[com.google.mlkit:vision-common:17.2.0] AndroidManifest.xml:13:17-124
93                android:value="com.google.firebase.components.ComponentRegistrar" />
93-->[com.google.mlkit:vision-common:17.2.0] AndroidManifest.xml:14:17-82
94            <meta-data
94-->[com.google.mlkit:common:18.5.0] AndroidManifest.xml:20:13-22:85
95                android:name="com.google.firebase.components:com.google.mlkit.common.internal.CommonComponentRegistrar"
95-->[com.google.mlkit:common:18.5.0] AndroidManifest.xml:21:17-120
96                android:value="com.google.firebase.components.ComponentRegistrar" />
96-->[com.google.mlkit:common:18.5.0] AndroidManifest.xml:22:17-82
97        </service>
98
99        <provider
99-->[com.google.mlkit:common:18.5.0] AndroidManifest.xml:9:9-13:38
100            android:name="com.google.mlkit.common.internal.MlKitInitProvider"
100-->[com.google.mlkit:common:18.5.0] AndroidManifest.xml:10:13-78
101            android:authorities="com.example.ocr.mlkitinitprovider"
101-->[com.google.mlkit:common:18.5.0] AndroidManifest.xml:11:13-69
102            android:exported="false"
102-->[com.google.mlkit:common:18.5.0] AndroidManifest.xml:12:13-37
103            android:initOrder="99" />
103-->[com.google.mlkit:common:18.5.0] AndroidManifest.xml:13:13-35
104
105        <activity
105-->[com.google.android.gms:play-services-base:18.1.0] AndroidManifest.xml:20:9-22:45
106            android:name="com.google.android.gms.common.api.GoogleApiActivity"
106-->[com.google.android.gms:play-services-base:18.1.0] AndroidManifest.xml:20:19-85
107            android:exported="false"
107-->[com.google.android.gms:play-services-base:18.1.0] AndroidManifest.xml:22:19-43
108            android:theme="@android:style/Theme.Translucent.NoTitleBar" />
108-->[com.google.android.gms:play-services-base:18.1.0] AndroidManifest.xml:21:19-78
109
110        <meta-data
110-->[com.google.android.gms:play-services-basement:18.1.0] AndroidManifest.xml:21:9-23:69
111            android:name="com.google.android.gms.version"
111-->[com.google.android.gms:play-services-basement:18.1.0] AndroidManifest.xml:22:13-58
112            android:value="@integer/google_play_services_version" />
112-->[com.google.android.gms:play-services-basement:18.1.0] AndroidManifest.xml:23:13-66
113
114        <service
114-->[com.google.android.datatransport:transport-backend-cct:2.3.3] AndroidManifest.xml:29:9-35:19
115            android:name="com.google.android.datatransport.runtime.backends.TransportBackendDiscovery"
115-->[com.google.android.datatransport:transport-backend-cct:2.3.3] AndroidManifest.xml:30:13-103
116            android:exported="false" >
116-->[com.google.android.datatransport:transport-backend-cct:2.3.3] AndroidManifest.xml:31:13-37
117            <meta-data
117-->[com.google.android.datatransport:transport-backend-cct:2.3.3] AndroidManifest.xml:32:13-34:39
118                android:name="backend:com.google.android.datatransport.cct.CctBackendFactory"
118-->[com.google.android.datatransport:transport-backend-cct:2.3.3] AndroidManifest.xml:33:17-94
119                android:value="cct" />
119-->[com.google.android.datatransport:transport-backend-cct:2.3.3] AndroidManifest.xml:34:17-36
120        </service>
121        <service
121-->[com.google.android.datatransport:transport-runtime:2.2.6] AndroidManifest.xml:26:9-30:19
122            android:name="com.google.android.datatransport.runtime.scheduling.jobscheduling.JobInfoSchedulerService"
122-->[com.google.android.datatransport:transport-runtime:2.2.6] AndroidManifest.xml:27:13-117
123            android:exported="false"
123-->[com.google.android.datatransport:transport-runtime:2.2.6] AndroidManifest.xml:28:13-37
124            android:permission="android.permission.BIND_JOB_SERVICE" >
124-->[com.google.android.datatransport:transport-runtime:2.2.6] AndroidManifest.xml:29:13-69
125        </service>
126
127        <receiver
127-->[com.google.android.datatransport:transport-runtime:2.2.6] AndroidManifest.xml:32:9-34:40
128            android:name="com.google.android.datatransport.runtime.scheduling.jobscheduling.AlarmManagerSchedulerBroadcastReceiver"
128-->[com.google.android.datatransport:transport-runtime:2.2.6] AndroidManifest.xml:33:13-132
129            android:exported="false" />
129-->[com.google.android.datatransport:transport-runtime:2.2.6] AndroidManifest.xml:34:13-37
130    </application>
131
132</manifest>